<?xml version="1.0" encoding="UTF-8"?>
<beans xmlns="http://www.springframework.org/schema/beans"
       xmlns:batch="http://www.springframework.org/schema/batch"
       xmlns:context="http://www.springframework.org/schema/context"
       xmlns:jdbc="http://www.springframework.org/schema/jdbc"
       xmlns:tx="http://www.springframework.org/schema/tx"
       xmlns:xsi="http://www.w3.org/2001/XMLSchema-instance"
       xsi:schemaLocation="http://www.springframework.org/schema/beans http://www.springframework.org/schema/beans/spring-beans-3.0.xsd
                           http://www.springframework.org/schema/batch http://www.springframework.org/schema/batch/spring-batch-2.1.xsd
                           http://www.springframework.org/schema/context http://www.springframework.org/schema/context/spring-context-3.0.xsd
                           http://www.springframework.org/schema/jdbc  http://www.springframework.org/schema/jdbc/spring-jdbc-3.0.xsd
                           http://www.springframework.org/schema/tx    http://www.springframework.org/schema/tx/spring-tx.xsd">

    <import resource="classpath:jobs/exampleJob.xml" />

    <bean id="slowJobLauncherTestUtils" class="org.springframework.batch.test.JobLauncherTestUtils">
        <property name="job" ref="slowJob" />
    </bean>
    <bean id="parallelJobLauncherTestUtils" class="org.springframework.batch.test.JobLauncherTestUtils">
        <property name="job" ref="parallelJob" />
    </bean>
</beans>